<?xml version="1.0" encoding="UTF-8"?>
<!-- Generated by org.testng.reporters.JUnitReportReporter -->
<testsuite hostname="UKC02XC1C0JGH5" name="com.googleproject.MoneseFramework.runner.MainRunnerSuite" tests="1" failures="0" timestamp="28 Dec 2018 16:56:12 GMT" time="30.824" errors="0">
  <testcase name="feature" time="30.824" classname="com.googleproject.MoneseFramework.runner.MainRunnerSuite"/>
</testsuite> <!-- com.googleproject.MoneseFramework.runner.MainRunnerSuite -->
