<?xml version="1.0" encoding="UTF-8"?>
<!-- Generated by org.testng.reporters.JUnitReportReporter -->
<testsuite hostname="UKC02XC1C0JGH5" name="NewTest" tests="1" failures="0" timestamp="24 Dec 2018 14:56:13 GMT" time="0.009" errors="0">
  <testcase name="f" time="0.009" classname="NewTest"/>
</testsuite> <!-- NewTest -->
